<?xml version="1.0" encoding="UTF-8"?>
<testsuite xmlns:xsi="http://www.w3.org/2001/XMLSchema-instance" xsi:noNamespaceSchemaLocation="https://maven.apache.org/surefire/maven-surefire-plugin/xsd/surefire-test-report.xsd" name="com.cato.ApplicationTests" time="6.571" tests="7" errors="0" skipped="0" failures="0">
  <properties>
    <property name="sun.desktop" value="windows"/>
    <property name="awt.toolkit" value="sun.awt.windows.WToolkit"/>
    <property name="file.encoding.pkg" value="sun.io"/>
    <property name="java.specification.version" value="1.8"/>
    <property name="sun.cpu.isalist" value="amd64"/>
    <property name="sun.jnu.encoding" value="GBK"/>
    <property name="java.class.path" value="V:\DevTools\workspace\STSworkspace\meeting\target\test-classes;V:\DevTools\workspace\STSworkspace\meeting\target\classes;V:\DevTools\localMaven\repository\org\springframework\boot\spring-boot-starter-web\2.1.4.RELEASE\spring-boot-starter-web-2.1.4.RELEASE.jar;V:\DevTools\localMaven\repository\org\springframework\boot\spring-boot-starter\2.1.4.RELEASE\spring-boot-starter-2.1.4.RELEASE.jar;V:\DevTools\localMaven\repository\org\springframework\boot\spring-boot-starter-logging\2.1.4.RELEASE\spring-boot-starter-logging-2.1.4.RELEASE.jar;V:\DevTools\localMaven\repository\ch\qos\logback\logback-classic\1.2.3\logback-classic-1.2.3.jar;V:\DevTools\localMaven\repository\ch\qos\logback\logback-core\1.2.3\logback-core-1.2.3.jar;V:\DevTools\localMaven\repository\org\apache\logging\log4j\log4j-to-slf4j\2.11.2\log4j-to-slf4j-2.11.2.jar;V:\DevTools\localMaven\repository\org\apache\logging\log4j\log4j-api\2.11.2\log4j-api-2.11.2.jar;V:\DevTools\localMaven\repository\org\slf4j\jul-to-slf4j\1.7.26\jul-to-slf4j-1.7.26.jar;V:\DevTools\localMaven\repository\javax\annotation\javax.annotation-api\1.3.2\javax.annotation-api-1.3.2.jar;V:\DevTools\localMaven\repository\org\yaml\snakeyaml\1.23\snakeyaml-1.23.jar;V:\DevTools\localMaven\repository\org\springframework\boot\spring-boot-starter-json\2.1.4.RELEASE\spring-boot-starter-json-2.1.4.RELEASE.jar;V:\DevTools\localMaven\repository\com\fasterxml\jackson\core\jackson-databind\2.9.8\jackson-databind-2.9.8.jar;V:\DevTools\localMaven\repository\com\fasterxml\jackson\core\jackson-annotations\2.9.0\jackson-annotations-2.9.0.jar;V:\DevTools\localMaven\repository\com\fasterxml\jackson\core\jackson-core\2.9.8\jackson-core-2.9.8.jar;V:\DevTools\localMaven\repository\com\fasterxml\jackson\datatype\jackson-datatype-jdk8\2.9.8\jackson-datatype-jdk8-2.9.8.jar;V:\DevTools\localMaven\repository\com\fasterxml\jackson\datatype\jackson-datatype-jsr310\2.9.8\jackson-datatype-jsr310-2.9.8.jar;V:\DevTools\localMaven\repository\com\fasterxml\jackson\module\jackson-module-parameter-names\2.9.8\jackson-module-parameter-names-2.9.8.jar;V:\DevTools\localMaven\repository\org\springframework\boot\spring-boot-starter-tomcat\2.1.4.RELEASE\spring-boot-starter-tomcat-2.1.4.RELEASE.jar;V:\DevTools\localMaven\repository\org\apache\tomcat\embed\tomcat-embed-core\9.0.17\tomcat-embed-core-9.0.17.jar;V:\DevTools\localMaven\repository\org\apache\tomcat\embed\tomcat-embed-el\9.0.17\tomcat-embed-el-9.0.17.jar;V:\DevTools\localMaven\repository\org\apache\tomcat\embed\tomcat-embed-websocket\9.0.17\tomcat-embed-websocket-9.0.17.jar;V:\DevTools\localMaven\repository\org\hibernate\validator\hibernate-validator\6.0.16.Final\hibernate-validator-6.0.16.Final.jar;V:\DevTools\localMaven\repository\javax\validation\validation-api\2.0.1.Final\validation-api-2.0.1.Final.jar;V:\DevTools\localMaven\repository\org\jboss\logging\jboss-logging\3.3.2.Final\jboss-logging-3.3.2.Final.jar;V:\DevTools\localMaven\repository\com\fasterxml\classmate\1.4.0\classmate-1.4.0.jar;V:\DevTools\localMaven\repository\org\springframework\spring-web\5.1.6.RELEASE\spring-web-5.1.6.RELEASE.jar;V:\DevTools\localMaven\repository\org\springframework\spring-beans\5.1.6.RELEASE\spring-beans-5.1.6.RELEASE.jar;V:\DevTools\localMaven\repository\org\springframework\spring-webmvc\5.1.6.RELEASE\spring-webmvc-5.1.6.RELEASE.jar;V:\DevTools\localMaven\repository\org\springframework\spring-context\5.1.6.RELEASE\spring-context-5.1.6.RELEASE.jar;V:\DevTools\localMaven\repository\org\springframework\spring-expression\5.1.6.RELEASE\spring-expression-5.1.6.RELEASE.jar;V:\DevTools\localMaven\repository\org\mybatis\spring\boot\mybatis-spring-boot-starter\1.3.0\mybatis-spring-boot-starter-1.3.0.jar;V:\DevTools\localMaven\repository\org\springframework\boot\spring-boot-starter-jdbc\2.1.4.RELEASE\spring-boot-starter-jdbc-2.1.4.RELEASE.jar;V:\DevTools\localMaven\repository\com\zaxxer\HikariCP\3.2.0\HikariCP-3.2.0.jar;V:\DevTools\localMaven\repository\org\springframework\spring-jdbc\5.1.6.RELEASE\spring-jdbc-5.1.6.RELEASE.jar;V:\DevTools\localMaven\repository\org\springframework\spring-tx\5.1.6.RELEASE\spring-tx-5.1.6.RELEASE.jar;V:\DevTools\localMaven\repository\org\mybatis\spring\boot\mybatis-spring-boot-autoconfigure\1.3.0\mybatis-spring-boot-autoconfigure-1.3.0.jar;V:\DevTools\localMaven\repository\org\mybatis\mybatis\3.4.4\mybatis-3.4.4.jar;V:\DevTools\localMaven\repository\org\mybatis\mybatis-spring\1.3.1\mybatis-spring-1.3.1.jar;V:\DevTools\localMaven\repository\org\springframework\boot\spring-boot-starter-security\2.1.4.RELEASE\spring-boot-starter-security-2.1.4.RELEASE.jar;V:\DevTools\localMaven\repository\org\springframework\spring-aop\5.1.6.RELEASE\spring-aop-5.1.6.RELEASE.jar;V:\DevTools\localMaven\repository\org\springframework\security\spring-security-config\5.1.5.RELEASE\spring-security-config-5.1.5.RELEASE.jar;V:\DevTools\localMaven\repository\org\springframework\security\spring-security-core\5.1.5.RELEASE\spring-security-core-5.1.5.RELEASE.jar;V:\DevTools\localMaven\repository\org\springframework\security\spring-security-web\5.1.5.RELEASE\spring-security-web-5.1.5.RELEASE.jar;V:\DevTools\localMaven\repository\com\alibaba\druid\1.1.10\druid-1.1.10.jar;V:\DevTools\localMaven\repository\mysql\mysql-connector-java\5.1.40\mysql-connector-java-5.1.40.jar;V:\DevTools\localMaven\repository\org\springframework\boot\spring-boot-devtools\2.1.4.RELEASE\spring-boot-devtools-2.1.4.RELEASE.jar;V:\DevTools\localMaven\repository\org\springframework\boot\spring-boot\2.1.4.RELEASE\spring-boot-2.1.4.RELEASE.jar;V:\DevTools\localMaven\repository\org\springframework\boot\spring-boot-autoconfigure\2.1.4.RELEASE\spring-boot-autoconfigure-2.1.4.RELEASE.jar;V:\DevTools\localMaven\repository\org\projectlombok\lombok\1.18.6\lombok-1.18.6.jar;V:\DevTools\localMaven\repository\com\github\pagehelper\pagehelper-spring-boot-starter\1.2.3\pagehelper-spring-boot-starter-1.2.3.jar;V:\DevTools\localMaven\repository\com\github\pagehelper\pagehelper-spring-boot-autoconfigure\1.2.3\pagehelper-spring-boot-autoconfigure-1.2.3.jar;V:\DevTools\localMaven\repository\com\github\pagehelper\pagehelper\5.1.2\pagehelper-5.1.2.jar;V:\DevTools\localMaven\repository\com\github\jsqlparser\jsqlparser\1.0\jsqlparser-1.0.jar;V:\DevTools\localMaven\repository\com\alibaba\fastjson\1.2.36\fastjson-1.2.36.jar;V:\DevTools\localMaven\repository\log4j\log4j\1.2.17\log4j-1.2.17.jar;V:\DevTools\localMaven\repository\org\springframework\boot\spring-boot-starter-test\2.1.4.RELEASE\spring-boot-starter-test-2.1.4.RELEASE.jar;V:\DevTools\localMaven\repository\org\springframework\boot\spring-boot-test\2.1.4.RELEASE\spring-boot-test-2.1.4.RELEASE.jar;V:\DevTools\localMaven\repository\org\springframework\boot\spring-boot-test-autoconfigure\2.1.4.RELEASE\spring-boot-test-autoconfigure-2.1.4.RELEASE.jar;V:\DevTools\localMaven\repository\com\jayway\jsonpath\json-path\2.4.0\json-path-2.4.0.jar;V:\DevTools\localMaven\repository\net\minidev\json-smart\2.3\json-smart-2.3.jar;V:\DevTools\localMaven\repository\net\minidev\accessors-smart\1.2\accessors-smart-1.2.jar;V:\DevTools\localMaven\repository\org\ow2\asm\asm\5.0.4\asm-5.0.4.jar;V:\DevTools\localMaven\repository\org\slf4j\slf4j-api\1.7.26\slf4j-api-1.7.26.jar;V:\DevTools\localMaven\repository\junit\junit\4.12\junit-4.12.jar;V:\DevTools\localMaven\repository\org\assertj\assertj-core\3.11.1\assertj-core-3.11.1.jar;V:\DevTools\localMaven\repository\org\mockito\mockito-core\2.23.4\mockito-core-2.23.4.jar;V:\DevTools\localMaven\repository\net\bytebuddy\byte-buddy\1.9.12\byte-buddy-1.9.12.jar;V:\DevTools\localMaven\repository\net\bytebuddy\byte-buddy-agent\1.9.12\byte-buddy-agent-1.9.12.jar;V:\DevTools\localMaven\repository\org\objenesis\objenesis\2.6\objenesis-2.6.jar;V:\DevTools\localMaven\repository\org\hamcrest\hamcrest-core\1.3\hamcrest-core-1.3.jar;V:\DevTools\localMaven\repository\org\hamcrest\hamcrest-library\1.3\hamcrest-library-1.3.jar;V:\DevTools\localMaven\repository\org\skyscreamer\jsonassert\1.5.0\jsonassert-1.5.0.jar;V:\DevTools\localMaven\repository\com\vaadin\external\google\android-json\0.0.20131108.vaadin1\android-json-0.0.20131108.vaadin1.jar;V:\DevTools\localMaven\repository\org\springframework\spring-core\5.1.6.RELEASE\spring-core-5.1.6.RELEASE.jar;V:\DevTools\localMaven\repository\org\springframework\spring-jcl\5.1.6.RELEASE\spring-jcl-5.1.6.RELEASE.jar;V:\DevTools\localMaven\repository\org\springframework\spring-test\5.1.6.RELEASE\spring-test-5.1.6.RELEASE.jar;V:\DevTools\localMaven\repository\org\xmlunit\xmlunit-core\2.6.2\xmlunit-core-2.6.2.jar;"/>
    <property name="java.vm.vendor" value="Oracle Corporation"/>
    <property name="sun.arch.data.model" value="64"/>
    <property name="user.variant" value=""/>
    <property name="java.vendor.url" value="http://java.oracle.com/"/>
    <property name="user.timezone" value="Asia/Shanghai"/>
    <property name="java.vm.specification.version" value="1.8"/>
    <property name="os.name" value="Windows 10"/>
    <property name="user.country" value="CN"/>
    <property name="sun.java.launcher" value="SUN_STANDARD"/>
    <property name="sun.boot.library.path" value="V:\Java\JDK\jre\bin"/>
    <property name="sun.java.command" value="C:\Users\WANGSH~1\AppData\Local\Temp\surefire5674097331303514175\surefirebooter6307181030093853993.jar C:\Users\WangShang\AppData\Local\Temp\surefire5674097331303514175 2019-04-30T21-54-47_478-jvmRun1 surefire3748153271065474126tmp surefire_03505673626063350906tmp"/>
    <property name="surefire.test.class.path" value="V:\DevTools\workspace\STSworkspace\meeting\target\test-classes;V:\DevTools\workspace\STSworkspace\meeting\target\classes;V:\DevTools\localMaven\repository\org\springframework\boot\spring-boot-starter-web\2.1.4.RELEASE\spring-boot-starter-web-2.1.4.RELEASE.jar;V:\DevTools\localMaven\repository\org\springframework\boot\spring-boot-starter\2.1.4.RELEASE\spring-boot-starter-2.1.4.RELEASE.jar;V:\DevTools\localMaven\repository\org\springframework\boot\spring-boot-starter-logging\2.1.4.RELEASE\spring-boot-starter-logging-2.1.4.RELEASE.jar;V:\DevTools\localMaven\repository\ch\qos\logback\logback-classic\1.2.3\logback-classic-1.2.3.jar;V:\DevTools\localMaven\repository\ch\qos\logback\logback-core\1.2.3\logback-core-1.2.3.jar;V:\DevTools\localMaven\repository\org\apache\logging\log4j\log4j-to-slf4j\2.11.2\log4j-to-slf4j-2.11.2.jar;V:\DevTools\localMaven\repository\org\apache\logging\log4j\log4j-api\2.11.2\log4j-api-2.11.2.jar;V:\DevTools\localMaven\repository\org\slf4j\jul-to-slf4j\1.7.26\jul-to-slf4j-1.7.26.jar;V:\DevTools\localMaven\repository\javax\annotation\javax.annotation-api\1.3.2\javax.annotation-api-1.3.2.jar;V:\DevTools\localMaven\repository\org\yaml\snakeyaml\1.23\snakeyaml-1.23.jar;V:\DevTools\localMaven\repository\org\springframework\boot\spring-boot-starter-json\2.1.4.RELEASE\spring-boot-starter-json-2.1.4.RELEASE.jar;V:\DevTools\localMaven\repository\com\fasterxml\jackson\core\jackson-databind\2.9.8\jackson-databind-2.9.8.jar;V:\DevTools\localMaven\repository\com\fasterxml\jackson\core\jackson-annotations\2.9.0\jackson-annotations-2.9.0.jar;V:\DevTools\localMaven\repository\com\fasterxml\jackson\core\jackson-core\2.9.8\jackson-core-2.9.8.jar;V:\DevTools\localMaven\repository\com\fasterxml\jackson\datatype\jackson-datatype-jdk8\2.9.8\jackson-datatype-jdk8-2.9.8.jar;V:\DevTools\localMaven\repository\com\fasterxml\jackson\datatype\jackson-datatype-jsr310\2.9.8\jackson-datatype-jsr310-2.9.8.jar;V:\DevTools\localMaven\repository\com\fasterxml\jackson\module\jackson-module-parameter-names\2.9.8\jackson-module-parameter-names-2.9.8.jar;V:\DevTools\localMaven\repository\org\springframework\boot\spring-boot-starter-tomcat\2.1.4.RELEASE\spring-boot-starter-tomcat-2.1.4.RELEASE.jar;V:\DevTools\localMaven\repository\org\apache\tomcat\embed\tomcat-embed-core\9.0.17\tomcat-embed-core-9.0.17.jar;V:\DevTools\localMaven\repository\org\apache\tomcat\embed\tomcat-embed-el\9.0.17\tomcat-embed-el-9.0.17.jar;V:\DevTools\localMaven\repository\org\apache\tomcat\embed\tomcat-embed-websocket\9.0.17\tomcat-embed-websocket-9.0.17.jar;V:\DevTools\localMaven\repository\org\hibernate\validator\hibernate-validator\6.0.16.Final\hibernate-validator-6.0.16.Final.jar;V:\DevTools\localMaven\repository\javax\validation\validation-api\2.0.1.Final\validation-api-2.0.1.Final.jar;V:\DevTools\localMaven\repository\org\jboss\logging\jboss-logging\3.3.2.Final\jboss-logging-3.3.2.Final.jar;V:\DevTools\localMaven\repository\com\fasterxml\classmate\1.4.0\classmate-1.4.0.jar;V:\DevTools\localMaven\repository\org\springframework\spring-web\5.1.6.RELEASE\spring-web-5.1.6.RELEASE.jar;V:\DevTools\localMaven\repository\org\springframework\spring-beans\5.1.6.RELEASE\spring-beans-5.1.6.RELEASE.jar;V:\DevTools\localMaven\repository\org\springframework\spring-webmvc\5.1.6.RELEASE\spring-webmvc-5.1.6.RELEASE.jar;V:\DevTools\localMaven\repository\org\springframework\spring-context\5.1.6.RELEASE\spring-context-5.1.6.RELEASE.jar;V:\DevTools\localMaven\repository\org\springframework\spring-expression\5.1.6.RELEASE\spring-expression-5.1.6.RELEASE.jar;V:\DevTools\localMaven\repository\org\mybatis\spring\boot\mybatis-spring-boot-starter\1.3.0\mybatis-spring-boot-starter-1.3.0.jar;V:\DevTools\localMaven\repository\org\springframework\boot\spring-boot-starter-jdbc\2.1.4.RELEASE\spring-boot-starter-jdbc-2.1.4.RELEASE.jar;V:\DevTools\localMaven\repository\com\zaxxer\HikariCP\3.2.0\HikariCP-3.2.0.jar;V:\DevTools\localMaven\repository\org\springframework\spring-jdbc\5.1.6.RELEASE\spring-jdbc-5.1.6.RELEASE.jar;V:\DevTools\localMaven\repository\org\springframework\spring-tx\5.1.6.RELEASE\spring-tx-5.1.6.RELEASE.jar;V:\DevTools\localMaven\repository\org\mybatis\spring\boot\mybatis-spring-boot-autoconfigure\1.3.0\mybatis-spring-boot-autoconfigure-1.3.0.jar;V:\DevTools\localMaven\repository\org\mybatis\mybatis\3.4.4\mybatis-3.4.4.jar;V:\DevTools\localMaven\repository\org\mybatis\mybatis-spring\1.3.1\mybatis-spring-1.3.1.jar;V:\DevTools\localMaven\repository\org\springframework\boot\spring-boot-starter-security\2.1.4.RELEASE\spring-boot-starter-security-2.1.4.RELEASE.jar;V:\DevTools\localMaven\repository\org\springframework\spring-aop\5.1.6.RELEASE\spring-aop-5.1.6.RELEASE.jar;V:\DevTools\localMaven\repository\org\springframework\security\spring-security-config\5.1.5.RELEASE\spring-security-config-5.1.5.RELEASE.jar;V:\DevTools\localMaven\repository\org\springframework\security\spring-security-core\5.1.5.RELEASE\spring-security-core-5.1.5.RELEASE.jar;V:\DevTools\localMaven\repository\org\springframework\security\spring-security-web\5.1.5.RELEASE\spring-security-web-5.1.5.RELEASE.jar;V:\DevTools\localMaven\repository\com\alibaba\druid\1.1.10\druid-1.1.10.jar;V:\DevTools\localMaven\repository\mysql\mysql-connector-java\5.1.40\mysql-connector-java-5.1.40.jar;V:\DevTools\localMaven\repository\org\springframework\boot\spring-boot-devtools\2.1.4.RELEASE\spring-boot-devtools-2.1.4.RELEASE.jar;V:\DevTools\localMaven\repository\org\springframework\boot\spring-boot\2.1.4.RELEASE\spring-boot-2.1.4.RELEASE.jar;V:\DevTools\localMaven\repository\org\springframework\boot\spring-boot-autoconfigure\2.1.4.RELEASE\spring-boot-autoconfigure-2.1.4.RELEASE.jar;V:\DevTools\localMaven\repository\org\projectlombok\lombok\1.18.6\lombok-1.18.6.jar;V:\DevTools\localMaven\repository\com\github\pagehelper\pagehelper-spring-boot-starter\1.2.3\pagehelper-spring-boot-starter-1.2.3.jar;V:\DevTools\localMaven\repository\com\github\pagehelper\pagehelper-spring-boot-autoconfigure\1.2.3\pagehelper-spring-boot-autoconfigure-1.2.3.jar;V:\DevTools\localMaven\repository\com\github\pagehelper\pagehelper\5.1.2\pagehelper-5.1.2.jar;V:\DevTools\localMaven\repository\com\github\jsqlparser\jsqlparser\1.0\jsqlparser-1.0.jar;V:\DevTools\localMaven\repository\com\alibaba\fastjson\1.2.36\fastjson-1.2.36.jar;V:\DevTools\localMaven\repository\log4j\log4j\1.2.17\log4j-1.2.17.jar;V:\DevTools\localMaven\repository\org\springframework\boot\spring-boot-starter-test\2.1.4.RELEASE\spring-boot-starter-test-2.1.4.RELEASE.jar;V:\DevTools\localMaven\repository\org\springframework\boot\spring-boot-test\2.1.4.RELEASE\spring-boot-test-2.1.4.RELEASE.jar;V:\DevTools\localMaven\repository\org\springframework\boot\spring-boot-test-autoconfigure\2.1.4.RELEASE\spring-boot-test-autoconfigure-2.1.4.RELEASE.jar;V:\DevTools\localMaven\repository\com\jayway\jsonpath\json-path\2.4.0\json-path-2.4.0.jar;V:\DevTools\localMaven\repository\net\minidev\json-smart\2.3\json-smart-2.3.jar;V:\DevTools\localMaven\repository\net\minidev\accessors-smart\1.2\accessors-smart-1.2.jar;V:\DevTools\localMaven\repository\org\ow2\asm\asm\5.0.4\asm-5.0.4.jar;V:\DevTools\localMaven\repository\org\slf4j\slf4j-api\1.7.26\slf4j-api-1.7.26.jar;V:\DevTools\localMaven\repository\junit\junit\4.12\junit-4.12.jar;V:\DevTools\localMaven\repository\org\assertj\assertj-core\3.11.1\assertj-core-3.11.1.jar;V:\DevTools\localMaven\repository\org\mockito\mockito-core\2.23.4\mockito-core-2.23.4.jar;V:\DevTools\localMaven\repository\net\bytebuddy\byte-buddy\1.9.12\byte-buddy-1.9.12.jar;V:\DevTools\localMaven\repository\net\bytebuddy\byte-buddy-agent\1.9.12\byte-buddy-agent-1.9.12.jar;V:\DevTools\localMaven\repository\org\objenesis\objenesis\2.6\objenesis-2.6.jar;V:\DevTools\localMaven\repository\org\hamcrest\hamcrest-core\1.3\hamcrest-core-1.3.jar;V:\DevTools\localMaven\repository\org\hamcrest\hamcrest-library\1.3\hamcrest-library-1.3.jar;V:\DevTools\localMaven\repository\org\skyscreamer\jsonassert\1.5.0\jsonassert-1.5.0.jar;V:\DevTools\localMaven\repository\com\vaadin\external\google\android-json\0.0.20131108.vaadin1\android-json-0.0.20131108.vaadin1.jar;V:\DevTools\localMaven\repository\org\springframework\spring-core\5.1.6.RELEASE\spring-core-5.1.6.RELEASE.jar;V:\DevTools\localMaven\repository\org\springframework\spring-jcl\5.1.6.RELEASE\spring-jcl-5.1.6.RELEASE.jar;V:\DevTools\localMaven\repository\org\springframework\spring-test\5.1.6.RELEASE\spring-test-5.1.6.RELEASE.jar;V:\DevTools\localMaven\repository\org\xmlunit\xmlunit-core\2.6.2\xmlunit-core-2.6.2.jar;"/>
    <property name="sun.cpu.endian" value="little"/>
    <property name="user.home" value="C:\Users\WangShang"/>
    <property name="user.language" value="zh"/>
    <property name="java.specification.vendor" value="Oracle Corporation"/>
    <property name="java.home" value="V:\Java\JDK\jre"/>
    <property name="basedir" value="V:\DevTools\workspace\STSworkspace\meeting"/>
    <property name="file.separator" value="\"/>
    <property name="line.separator" value="&#10;"/>
    <property name="java.vm.specification.vendor" value="Oracle Corporation"/>
    <property name="java.specification.name" value="Java Platform API Specification"/>
    <property name="java.awt.graphicsenv" value="sun.awt.Win32GraphicsEnvironment"/>
    <property name="surefire.real.class.path" value="C:\Users\WANGSH~1\AppData\Local\Temp\surefire5674097331303514175\surefirebooter6307181030093853993.jar"/>
    <property name="sun.boot.class.path" value="V:\Java\JDK\jre\lib\resources.jar;V:\Java\JDK\jre\lib\rt.jar;V:\Java\JDK\jre\lib\sunrsasign.jar;V:\Java\JDK\jre\lib\jsse.jar;V:\Java\JDK\jre\lib\jce.jar;V:\Java\JDK\jre\lib\charsets.jar;V:\Java\JDK\jre\lib\jfr.jar;V:\Java\JDK\jre\classes"/>
    <property name="user.script" value=""/>
    <property name="sun.management.compiler" value="HotSpot 64-Bit Tiered Compilers"/>
    <property name="java.runtime.version" value="1.8.0_161-b12"/>
    <property name="user.name" value="WangShang"/>
    <property name="path.separator" value=";"/>
    <property name="os.version" value="10.0"/>
    <property name="java.endorsed.dirs" value="V:\Java\JDK\jre\lib\endorsed"/>
    <property name="java.runtime.name" value="Java(TM) SE Runtime Environment"/>
    <property name="file.encoding" value="GBK"/>
    <property name="java.vm.name" value="Java HotSpot(TM) 64-Bit Server VM"/>
    <property name="localRepository" value="V:\DevTools\localMaven\repository"/>
    <property name="java.vendor.url.bug" value="http://bugreport.sun.com/bugreport/"/>
    <property name="java.io.tmpdir" value="C:\Users\WANGSH~1\AppData\Local\Temp\"/>
    <property name="idea.version" value="2018.2.4"/>
    <property name="java.version" value="1.8.0_161"/>
    <property name="user.dir" value="V:\DevTools\workspace\STSworkspace\meeting"/>
    <property name="os.arch" value="amd64"/>
    <property name="java.vm.specification.name" value="Java Virtual Machine Specification"/>
    <property name="java.awt.printerjob" value="sun.awt.windows.WPrinterJob"/>
    <property name="sun.os.patch.level" value=""/>
    <property name="java.library.path" value="V:\Java\JDK\jre\bin;C:\WINDOWS\Sun\Java\bin;C:\WINDOWS\system32;C:\WINDOWS;C:\Windows\system32;C:\Program Files (x86)\Intel\Intel(R) Management Engine Components\iCLS\;C:\Program Files\Intel\Intel(R) Management Engine Components\iCLS\;V:\Java\JDK\bin;V:\DBOracle\product\11.2.0\dbhome_1\bin;C:\ProgramData\Oracle\Java\javapath;V:\DevelopmentLibrary\gradle-4.10\bin;C:\Windows;C:\Windows\System32\Wbem;C:\Windows\System32\WindowsPowerShell\v1.0\;C:\Windows\System32\OpenSSH\;V:\DevelopmentLibrary\gradle-4.10\bin;V:\DevelopmentLibrary\apache-ant-1.8.4\bin;V:\DevelopmentLibrary\apache-cxf-2.4.2\bin;V:\DevelopmentLibrary\apache-maven-3.3.9\bin;V:\DevelopmentLibrary\apache-tomcat-8.5.32\bin;V:\DevelopmentLibrary\nexus-3.2.1-01\nexus-3.2.1-01\bin;V:\DevTools\UltraEdit;C:\Program Files (x86)\NVIDIA Corporation\PhysX\Common;C:\Program Files (x86)\Intel\Intel(R) Management Engine Components\DAL;C:\Program Files\Intel\Intel(R) Management Engine Components\DAL;C:\Program Files (x86)\Intel\Intel(R) Management Engine Components\IPT;C:\Program Files\Intel\Intel(R) Management Engine Components\IPT;V:\DevTools\VisualSVN Server\bin;V:\DevTools\TortoiseSVN\bin;V:\DevTools\Matlab\runtime\win64;V:\DevTools\Matlab\bin;V:\DevTools\Matlab\polyspace\bin;V:\DevelopmentLibrary\curl-7.63.0;;C:\WINDOWS\system32;C:\WINDOWS;C:\WINDOWS\System32\Wbem;C:\WINDOWS\System32\WindowsPowerShell\v1.0\;C:\WINDOWS\System32\OpenSSH\;C:\Program Files\Intel\WiFi\bin\;C:\Program Files\Common Files\Intel\WirelessCommon\;C:\Program Files\NVIDIA Corporation\NVIDIA NvDLISR;V:\DevTools\Microsoft VS Code\bin;V:\DevelopmentLibrary\nodejs\;C:\Users\WangShang\AppData\Local\Microsoft\WindowsApps;c:\Program Files\Intel\WiFi\bin\;c:\Program Files\Common Files\Intel\WirelessCommon\;C:\Users\WangShang\AppData\Roaming\npm;."/>
    <property name="java.vm.info" value="mixed mode"/>
    <property name="java.vendor" value="Oracle Corporation"/>
    <property name="java.vm.version" value="25.161-b12"/>
    <property name="java.ext.dirs" value="V:\Java\JDK\jre\lib\ext;C:\WINDOWS\Sun\Java\lib\ext"/>
    <property name="sun.io.unicode.encoding" value="UnicodeLittle"/>
    <property name="java.class.version" value="52.0"/>
  </properties>
  <testcase name="testSelectMeetingRoom" classname="com.cato.ApplicationTests" time="0.905"/>
  <testcase name="testApply" classname="com.cato.ApplicationTests" time="0.009"/>
  <testcase name="testDate" classname="com.cato.ApplicationTests" time="0.002"/>
  <testcase name="testMeetingRecordService" classname="com.cato.ApplicationTests" time="0.001"/>
  <testcase name="testSelectDepartment" classname="com.cato.ApplicationTests" time="0.01"/>
  <testcase name="contextLoads" classname="com.cato.ApplicationTests" time="0.004"/>
  <testcase name="testInsert" classname="com.cato.ApplicationTests" time="0.051"/>
</testsuite>